<?xml version="1.0" encoding="UTF-8"?>
<!-- Generated by org.testng.reporters.JUnitReportReporter -->
<testsuite hostname="PNVD016" failures="1" tests="11" name="TestingRefill.Test_Register" time="41.519" errors="0" timestamp="2022-03-11T20:41:51 ICT" skipped="0">
  <testcase classname="TestingRefill.Test_Register" name="TC_06_Register_Invalid_Password" time="3.680"/>
  <system-out/>
  <testcase classname="TestingRefill.Test_Register" name="TC_03_Register_invalid_Email" time="3.840"/>
  <system-out/>
  <testcase classname="TestingRefill.Test_Register" name="TC_08_Register_empty_Email" time="3.547"/>
  <system-out/>
  <testcase classname="TestingRefill.Test_Register" name="TC_02_Register_already_existing_Email" time="4.043"/>
  <system-out/>
  <testcase classname="TestingRefill.Test_Register" name="TC_07_Register_empty_Username" time="3.518"/>
  <system-out/>
  <testcase classname="TestingRefill.Test_Register" name="TC_01_Register_Empty_Data" time="4.424">
    <failure message="expected [Please fill out this field.] but found []" type="java.lang.AssertionError">
      <![CDATA[java.lang.AssertionError: expected [Please fill out this field.] but found []
at org.testng.Assert.fail(Assert.java:99)
at org.testng.Assert.failNotEquals(Assert.java:1037)
at org.testng.Assert.assertEqualsImpl(Assert.java:140)
at org.testng.Assert.assertEquals(Assert.java:122)
at org.testng.Assert.assertEquals(Assert.java:629)
at org.testng.Assert.assertEquals(Assert.java:639)
at TestingRefill.Test_Register.TC_01_Register_Empty_Data(Test_Register.java:39)
at java.base/jdk.internal.reflect.NativeMethodAccessorImpl.invoke0(Native Method)
at java.base/jdk.internal.reflect.NativeMethodAccessorImpl.invoke(NativeMethodAccessorImpl.java:62)
at java.base/jdk.internal.reflect.DelegatingMethodAccessorImpl.invoke(DelegatingMethodAccessorImpl.java:43)
at java.base/java.lang.reflect.Method.invoke(Method.java:566)
at org.testng.internal.MethodInvocationHelper.invokeMethod(MethodInvocationHelper.java:133)
at org.testng.internal.TestInvoker.invokeMethod(TestInvoker.java:598)
at org.testng.internal.TestInvoker.invokeTestMethod(TestInvoker.java:173)
at org.testng.internal.MethodRunner.runInSequence(MethodRunner.java:46)
at org.testng.internal.TestInvoker$MethodInvocationAgent.invoke(TestInvoker.java:824)
at org.testng.internal.TestInvoker.invokeTestMethods(TestInvoker.java:146)
at org.testng.internal.TestMethodWorker.invokeTestMethods(TestMethodWorker.java:146)
at org.testng.internal.TestMethodWorker.run(TestMethodWorker.java:128)
at java.base/java.util.ArrayList.forEach(ArrayList.java:1541)
at org.testng.TestRunner.privateRun(TestRunner.java:794)
at org.testng.TestRunner.run(TestRunner.java:596)
at org.testng.SuiteRunner.runTest(SuiteRunner.java:377)
at org.testng.SuiteRunner.runSequentially(SuiteRunner.java:371)
at org.testng.SuiteRunner.privateRun(SuiteRunner.java:332)
at org.testng.SuiteRunner.run(SuiteRunner.java:276)
at org.testng.SuiteRunnerWorker.runSuite(SuiteRunnerWorker.java:53)
at org.testng.SuiteRunnerWorker.run(SuiteRunnerWorker.java:96)
at org.testng.TestNG.runSuitesSequentially(TestNG.java:1212)
at org.testng.TestNG.runSuitesLocally(TestNG.java:1134)
at org.testng.TestNG.runSuites(TestNG.java:1063)
at org.testng.TestNG.run(TestNG.java:1031)
at org.testng.remote.AbstractRemoteTestNG.run(AbstractRemoteTestNG.java:115)
at org.testng.remote.RemoteTestNG.initAndRun(RemoteTestNG.java:251)
at org.testng.remote.RemoteTestNG.main(RemoteTestNG.java:77)
]]>
    </failure>
  </testcase> <!-- TC_01_Register_Empty_Data -->
  <system-out/>
  <testcase classname="TestingRefill.Test_Register" name="TC_09_Register_empty_NumberPhone" time="3.544"/>
  <system-out/>
  <testcase classname="TestingRefill.Test_Register" name="TC_04_Register_Invalid_Phone" time="3.954"/>
  <system-out/>
  <testcase classname="TestingRefill.Test_Register" name="TC_05_Register_Password_Less_Than_8_Chars" time="3.695"/>
  <system-out/>
  <testcase classname="TestingRefill.Test_Register" name="TC_10_Register_empty_Password" time="3.633"/>
  <system-out/>
  <testcase classname="TestingRefill.Test_Register" name="TC_11_Register_empty_CPassword" time="3.641"/>
  <system-out/>
</testsuite> <!-- TestingRefill.Test_Register -->
